<?xml version="1.0" encoding="UTF-8"?>
<testng-results skipped="0" failed="0" ignored="0" total="3" passed="3">
  <reporter-output>
  </reporter-output>
  <suite name="Suite" duration-ms="17645" started-at="2018-12-18T20:44:16Z" finished-at="2018-12-18T20:44:34Z">
    <groups>
    </groups>
    <test name="Test" duration-ms="17645" started-at="2018-12-18T20:44:16Z" finished-at="2018-12-18T20:44:34Z">
      <class name="pomdesign.loginTest">
        <test-method status="PASS" signature="setUp()[pri:0, instance:pomdesign.loginTest@783e6358]" name="setUp" is-config="true" duration-ms="6753" started-at="2018-12-18T20:44:16Z" finished-at="2018-12-18T20:44:23Z">
          <reporter-output>
          </reporter-output>
        </test-method> <!-- setUp -->
        <test-method status="PASS" signature="setUp()[pri:0, instance:pomdesign.logoutTest@4e04a765]" name="setUp" is-config="true" duration-ms="4650" started-at="2018-12-18T20:44:23Z" finished-at="2018-12-18T20:44:28Z">
          <reporter-output>
          </reporter-output>
        </test-method> <!-- setUp -->
        <test-method status="PASS" signature="login()[pri:0, instance:pomdesign.loginTest@783e6358]" name="login" duration-ms="2256" started-at="2018-12-18T20:44:30Z" finished-at="2018-12-18T20:44:32Z">
          <reporter-output>
          </reporter-output>
        </test-method> <!-- login -->
        <test-method status="PASS" signature="closeUp()[pri:0, instance:pomdesign.loginTest@783e6358]" name="closeUp" is-config="true" duration-ms="778" started-at="2018-12-18T20:44:32Z" finished-at="2018-12-18T20:44:33Z">
          <reporter-output>
          </reporter-output>
        </test-method> <!-- closeUp -->
        <test-method status="PASS" signature="closeUp()[pri:0, instance:pomdesign.logoutTest@4e04a765]" name="closeUp" is-config="true" duration-ms="769" started-at="2018-12-18T20:44:33Z" finished-at="2018-12-18T20:44:34Z">
          <reporter-output>
          </reporter-output>
        </test-method> <!-- closeUp -->
      </class> <!-- pomdesign.loginTest -->
      <class name="pomdesign.logoutTest">
        <test-method status="PASS" signature="login()[pri:0, instance:pomdesign.logoutTest@4e04a765]" name="login" duration-ms="1335" started-at="2018-12-18T20:44:28Z" finished-at="2018-12-18T20:44:29Z">
          <reporter-output>
          </reporter-output>
        </test-method> <!-- login -->
        <test-method status="PASS" signature="logout()[pri:0, instance:pomdesign.logoutTest@4e04a765]" name="logout" duration-ms="1059" started-at="2018-12-18T20:44:29Z" finished-at="2018-12-18T20:44:30Z">
          <reporter-output>
          </reporter-output>
        </test-method> <!-- logout -->
      </class> <!-- pomdesign.logoutTest -->
    </test> <!-- Test -->
  </suite> <!-- Suite -->
</testng-results>
