<?xml version="1.0" encoding="UTF-8"?>
<!-- Generated by org.testng.reporters.JUnitXMLReporter -->
<testsuite hostname="LAPTOP-OG7HI8GS" ignored="0" name="Test" tests="1" failures="1" timestamp="12 Dec 2018 15:46:34 GMT" time="38.135" errors="0">
  <testcase name="printExcel" time="31.261" classname="com.zoho.zohoTest">
    <failure type="java.lang.IndexOutOfBoundsException" message="Index: 100, Size: 100">
      <![CDATA[java.lang.IndexOutOfBoundsException: Index: 100, Size: 100
at java.util.ArrayList.rangeCheck(Unknown Source)
at java.util.ArrayList.get(Unknown Source)
at com.zoho.zohoTest.printExcel(zohoTest.java:74)
... Removed 28 stack frames]]>
    </failure>
  </testcase> <!-- printExcel -->
</testsuite> <!-- Test -->
