<?xml version="1.0" encoding="UTF-8"?>
<testng-results skipped="0" failed="0" ignored="0" total="1" passed="1">
  <reporter-output>
  </reporter-output>
  <suite name="Default suite" duration-ms="8824" started-at="2018-12-08T17:23:04Z" finished-at="2018-12-08T17:23:13Z">
    <groups>
    </groups>
    <test name="Default test" duration-ms="8824" started-at="2018-12-08T17:23:04Z" finished-at="2018-12-08T17:23:13Z">
      <class name="com.newtours.loginTest">
        <test-method status="PASS" signature="setUp()[pri:0, instance:com.newtours.loginTest@7cd62f43]" name="setUp" is-config="true" duration-ms="4227" started-at="2018-12-08T17:23:04Z" finished-at="2018-12-08T17:23:08Z">
          <reporter-output>
          </reporter-output>
        </test-method> <!-- setUp -->
        <test-method status="PASS" signature="login()[pri:0, instance:com.newtours.loginTest@7cd62f43]" name="login" duration-ms="3933" started-at="2018-12-08T17:23:08Z" finished-at="2018-12-08T17:23:12Z">
          <reporter-output>
          </reporter-output>
        </test-method> <!-- login -->
        <test-method status="PASS" signature="closeUp()[pri:0, instance:com.newtours.loginTest@7cd62f43]" name="closeUp" is-config="true" duration-ms="640" started-at="2018-12-08T17:23:12Z" finished-at="2018-12-08T17:23:13Z">
          <reporter-output>
          </reporter-output>
        </test-method> <!-- closeUp -->
      </class> <!-- com.newtours.loginTest -->
    </test> <!-- Default test -->
  </suite> <!-- Default suite -->
</testng-results>
