<?xml version="1.0" encoding="UTF-8"?>
<!-- Generated by org.testng.reporters.JUnitXMLReporter -->
<testsuite hostname="LAPTOP-OG7HI8GS" ignored="1" name="Test" tests="1" failures="1" timestamp="12 Dec 2018 21:26:49 GMT" time="6.608" errors="0">
  <testcase name="ProductTest" time="0.872" classname="pomdesign.WebOrderTest">
    <failure type="java.lang.AssertionError" message="lists don&amp;apos;t have the same size expected [2] but found [3]">
      <![CDATA[java.lang.AssertionError: lists don't have the same size expected [2] but found [3]
at pomdesign.WebOrderTest.ProductTest(WebOrderTest.java:91)
... Removed 35 stack frames]]>
    </failure>
  </testcase> <!-- ProductTest -->
  <testcase name="labelsVerification" time="0.0" classname="pomdesign.WebOrderTest">
    <ignored/>
  </testcase> <!-- labelsVerification -->
</testsuite> <!-- Test -->
