<?xml version="1.0" encoding="UTF-8"?>
<!-- Generated by org.testng.reporters.JUnitXMLReporter -->
<testsuite hostname="LAPTOP-OG7HI8GS" ignored="0" name="Command line test" tests="4" failures="0" timestamp="07 Dec 2018 15:10:19 GMT" time="28.012" errors="0">
  <testcase name="navigatetoamazon" time="9.639" classname="cybertek.AmazonTest"/>
  <testcase name="navigatetoyahoo" time="8.987" classname="cybertek.YahooTest"/>
  <testcase name="navigatetoabc" time="6.2" classname="cybertek2.ABCTest"/>
  <testcase name="navigatetocnn" time="3.158" classname="cybertek2.CNNTest"/>
</testsuite> <!-- Command line test -->
