<?xml version="1.0" encoding="UTF-8"?>
<testng-results skipped="0" failed="0" ignored="0" total="1" passed="1">
  <reporter-output>
  </reporter-output>
  <suite name="Suite" duration-ms="30078" started-at="2018-12-20T00:32:35Z" finished-at="2018-12-20T00:33:05Z">
    <groups>
    </groups>
    <test name="Test" duration-ms="30078" started-at="2018-12-20T00:32:35Z" finished-at="2018-12-20T00:33:05Z">
      <class name="pomDesign.culculatorLoginTest">
        <test-method status="PASS" signature="setUp()[pri:0, instance:pomDesign.culculatorLoginTest@35cabb2a]" name="setUp" is-config="true" duration-ms="7610" started-at="2018-12-20T00:32:35Z" finished-at="2018-12-20T00:32:43Z">
          <reporter-output>
          </reporter-output>
        </test-method> <!-- setUp -->
        <test-method status="PASS" signature="calculateTest()[pri:0, instance:pomDesign.culculatorLoginTest@35cabb2a]" name="calculateTest" duration-ms="19558" started-at="2018-12-20T00:32:43Z" finished-at="2018-12-20T00:33:02Z">
          <reporter-output>
          </reporter-output>
        </test-method> <!-- calculateTest -->
        <test-method status="PASS" signature="closeUp()[pri:0, instance:pomDesign.culculatorLoginTest@35cabb2a]" name="closeUp" is-config="true" duration-ms="2896" started-at="2018-12-20T00:33:02Z" finished-at="2018-12-20T00:33:05Z">
          <reporter-output>
          </reporter-output>
        </test-method> <!-- closeUp -->
      </class> <!-- pomDesign.culculatorLoginTest -->
    </test> <!-- Test -->
  </suite> <!-- Suite -->
</testng-results>
