<?xml version="1.0" encoding="UTF-8"?>
<testng-results skipped="0" failed="0" ignored="0" total="1" passed="1">
  <reporter-output>
  </reporter-output>
  <suite name="Suite" duration-ms="9546" started-at="2018-12-08T17:21:51Z" finished-at="2018-12-08T17:22:01Z">
    <groups>
    </groups>
    <test name="Test" duration-ms="9546" started-at="2018-12-08T17:21:51Z" finished-at="2018-12-08T17:22:01Z">
      <class name="com.newtours.loginTest">
        <test-method status="PASS" signature="setUp()[pri:0, instance:com.newtours.loginTest@6df97b55]" name="setUp" is-config="true" duration-ms="5138" started-at="2018-12-08T17:21:51Z" finished-at="2018-12-08T17:21:56Z">
          <reporter-output>
          </reporter-output>
        </test-method> <!-- setUp -->
        <test-method status="PASS" signature="login()[pri:0, instance:com.newtours.loginTest@6df97b55]" name="login" duration-ms="3768" started-at="2018-12-08T17:21:56Z" finished-at="2018-12-08T17:22:00Z">
          <reporter-output>
          </reporter-output>
        </test-method> <!-- login -->
        <test-method status="PASS" signature="closeUp()[pri:0, instance:com.newtours.loginTest@6df97b55]" name="closeUp" is-config="true" duration-ms="629" started-at="2018-12-08T17:22:00Z" finished-at="2018-12-08T17:22:01Z">
          <reporter-output>
          </reporter-output>
        </test-method> <!-- closeUp -->
      </class> <!-- com.newtours.loginTest -->
    </test> <!-- Test -->
  </suite> <!-- Suite -->
</testng-results>
