<?xml version="1.0" encoding="UTF-8"?>
<testng-results skipped="0" failed="0" ignored="1" total="6" passed="5">
  <reporter-output>
  </reporter-output>
  <suite name="Default suite" duration-ms="31442" started-at="2018-12-14T22:45:45Z" finished-at="2018-12-14T22:46:16Z">
    <groups>
    </groups>
    <test name="Default test" duration-ms="31442" started-at="2018-12-14T22:45:45Z" finished-at="2018-12-14T22:46:16Z">
      <class name="com.prestashop.Prestashopingpositive">
        <test-method status="PASS" signature="openBrowser()[pri:0, instance:com.prestashop.Prestashopingpositive@482f8f11]" name="openBrowser" is-config="true" duration-ms="8374" started-at="2018-12-14T22:45:45Z" finished-at="2018-12-14T22:45:53Z">
          <reporter-output>
          </reporter-output>
        </test-method> <!-- openBrowser -->
        <test-method status="PASS" signature="openBrowser()[pri:0, instance:com.prestashop.Prestashopnegative@1593948d]" name="openBrowser" is-config="true" duration-ms="6974" started-at="2018-12-14T22:45:53Z" finished-at="2018-12-14T22:46:00Z">
          <reporter-output>
          </reporter-output>
        </test-method> <!-- openBrowser -->
        <test-method status="PASS" signature="login()[pri:0, instance:com.prestashop.Prestashopingpositive@482f8f11]" name="login" duration-ms="5455" started-at="2018-12-14T22:46:00Z" finished-at="2018-12-14T22:46:06Z">
          <reporter-output>
          </reporter-output>
        </test-method> <!-- login -->
        <test-method status="PASS" signature="closeBrowser()[pri:0, instance:com.prestashop.Prestashopingpositive@482f8f11]" name="closeBrowser" is-config="true" duration-ms="652" started-at="2018-12-14T22:46:15Z" finished-at="2018-12-14T22:46:16Z">
          <reporter-output>
          </reporter-output>
        </test-method> <!-- closeBrowser -->
        <test-method status="PASS" signature="closeBrowser()[pri:0, instance:com.prestashop.Prestashopnegative@1593948d]" name="closeBrowser" is-config="true" duration-ms="661" started-at="2018-12-14T22:46:16Z" finished-at="2018-12-14T22:46:16Z">
          <reporter-output>
          </reporter-output>
        </test-method> <!-- closeBrowser -->
      </class> <!-- com.prestashop.Prestashopingpositive -->
      <class name="com.prestashop.Prestashopnegative">
        <test-method status="PASS" signature="blankemail()[pri:0, instance:com.prestashop.Prestashopnegative@1593948d]" name="blankemail" duration-ms="2709" started-at="2018-12-14T22:46:06Z" finished-at="2018-12-14T22:46:08Z">
          <reporter-output>
          </reporter-output>
        </test-method> <!-- blankemail -->
        <test-method status="PASS" signature="blankpasword()[pri:0, instance:com.prestashop.Prestashopnegative@1593948d]" name="blankpasword" duration-ms="2235" started-at="2018-12-14T22:46:08Z" finished-at="2018-12-14T22:46:11Z">
          <reporter-output>
          </reporter-output>
        </test-method> <!-- blankpasword -->
        <test-method status="PASS" signature="invalidemail()[pri:0, instance:com.prestashop.Prestashopnegative@1593948d]" name="invalidemail" duration-ms="2215" started-at="2018-12-14T22:46:11Z" finished-at="2018-12-14T22:46:13Z">
          <reporter-output>
          </reporter-output>
        </test-method> <!-- invalidemail -->
        <test-method status="PASS" signature="wrongemail()[pri:0, instance:com.prestashop.Prestashopnegative@1593948d]" name="wrongemail" duration-ms="2144" started-at="2018-12-14T22:46:13Z" finished-at="2018-12-14T22:46:15Z">
          <reporter-output>
          </reporter-output>
        </test-method> <!-- wrongemail -->
      </class> <!-- com.prestashop.Prestashopnegative -->
    </test> <!-- Default test -->
  </suite> <!-- Default suite -->
</testng-results>
