<?xml version="1.0" encoding="UTF-8"?>
<!-- Generated by org.testng.reporters.JUnitXMLReporter -->
<testsuite hostname="LAPTOP-OG7HI8GS" ignored="1" name="Default test" tests="5" failures="0" timestamp="14 Dec 2018 22:46:16 GMT" time="31.442" errors="0">
  <testcase name="login" time="5.455" classname="com.prestashop.Prestashopingpositive"/>
  <testcase name="blankemail" time="2.709" classname="com.prestashop.Prestashopnegative"/>
  <testcase name="blankpasword" time="2.235" classname="com.prestashop.Prestashopnegative"/>
  <testcase name="invalidemail" time="2.215" classname="com.prestashop.Prestashopnegative"/>
  <testcase name="wrongemail" time="2.144" classname="com.prestashop.Prestashopnegative"/>
  <testcase name="logback" time="0.0" classname="com.prestashop.Prestashopingpositive">
    <ignored/>
  </testcase> <!-- logback -->
</testsuite> <!-- Default test -->
