<?xml version="1.0" encoding="UTF-8"?>
<testng-results skipped="0" failed="0" ignored="0" total="1" passed="1">
  <reporter-output>
  </reporter-output>
  <suite name="Default suite" duration-ms="12726" started-at="2018-12-11T14:45:46Z" finished-at="2018-12-11T14:45:59Z">
    <groups>
    </groups>
    <test name="Default test" duration-ms="12726" started-at="2018-12-11T14:45:46Z" finished-at="2018-12-11T14:45:59Z">
      <class name="com.google.googleSearch">
        <test-method status="PASS" signature="setUp()[pri:0, instance:com.google.googleSearch@1c1bbc4e]" name="setUp" is-config="true" duration-ms="6320" started-at="2018-12-11T14:45:46Z" finished-at="2018-12-11T14:45:53Z">
          <reporter-output>
          </reporter-output>
        </test-method> <!-- setUp -->
        <test-method status="PASS" signature="searchResults()[pri:0, instance:com.google.googleSearch@1c1bbc4e]" name="searchResults" duration-ms="5755" started-at="2018-12-11T14:45:53Z" finished-at="2018-12-11T14:45:58Z">
          <reporter-output>
          </reporter-output>
        </test-method> <!-- searchResults -->
        <test-method status="PASS" signature="closeUp()[pri:0, instance:com.google.googleSearch@1c1bbc4e]" name="closeUp" is-config="true" duration-ms="638" started-at="2018-12-11T14:45:58Z" finished-at="2018-12-11T14:45:59Z">
          <reporter-output>
          </reporter-output>
        </test-method> <!-- closeUp -->
      </class> <!-- com.google.googleSearch -->
    </test> <!-- Default test -->
  </suite> <!-- Default suite -->
</testng-results>
